TN:
SF:nx-serverless-cdk/plugin/src/executors/cdk/executor.ts
FN:7,(anonymous_0)
FNF:1
FNH:1
FNDA:8,(anonymous_0)
DA:2,1
DA:3,1
DA:4,1
DA:7,1
DA:11,8
DA:13,8
DA:14,8
DA:15,8
DA:17,8
DA:21,4
DA:26,1
LF:11
LH:11
BRDA:15,0,0,8
BRDA:15,0,1,4
BRF:2
BRH:2
end_of_record
TN:
SF:nx-serverless-cdk/plugin/src/executors/cdk/schema.d.ts
FNF:0
FNH:0
LF:0
LH:0
BRF:0
BRH:0
end_of_record
TN:
SF:nx-serverless-cdk/plugin/src/executors/generate-event/executor.ts
FN:7,(anonymous_0)
FNF:1
FNH:1
FNDA:8,(anonymous_0)
DA:2,1
DA:3,1
DA:4,1
DA:7,1
DA:11,8
DA:13,8
DA:14,8
DA:15,8
DA:22,8
DA:26,4
DA:31,1
LF:11
LH:11
BRDA:18,0,0,8
BRDA:18,0,1,4
BRF:2
BRH:2
end_of_record
TN:
SF:nx-serverless-cdk/plugin/src/executors/generate-event/schema.d.ts
FNF:0
FNH:0
LF:0
LH:0
BRF:0
BRH:0
end_of_record
TN:
SF:nx-serverless-cdk/plugin/src/executors/invoke/executor.ts
FN:8,(anonymous_0)
FNF:1
FNH:1
FNDA:10,(anonymous_0)
DA:2,1
DA:3,1
DA:4,1
DA:5,1
DA:8,1
DA:12,10
DA:14,10
DA:15,10
DA:16,10
DA:18,10
DA:19,10
DA:20,8
DA:22,10
DA:24,10
DA:28,6
DA:33,1
LF:16
LH:16
BRDA:18,0,0,10
BRDA:18,0,1,6
BRDA:19,1,0,8
BRF:3
BRH:3
end_of_record
TN:
SF:nx-serverless-cdk/plugin/src/executors/invoke/schema.d.ts
FNF:0
FNH:0
LF:0
LH:0
BRF:0
BRH:0
end_of_record
TN:
SF:nx-serverless-cdk/plugin/src/executors/start-api/executor.ts
FN:8,(anonymous_0)
FNF:1
FNH:1
FNDA:10,(anonymous_0)
DA:2,1
DA:3,1
DA:4,1
DA:5,1
DA:8,1
DA:12,10
DA:14,10
DA:15,10
DA:16,10
DA:18,10
DA:19,10
DA:20,8
DA:22,10
DA:24,10
DA:28,6
DA:33,1
LF:16
LH:16
BRDA:18,0,0,10
BRDA:18,0,1,6
BRDA:19,1,0,8
BRF:3
BRH:3
end_of_record
TN:
SF:nx-serverless-cdk/plugin/src/executors/start-api/schema.d.ts
FNF:0
FNH:0
LF:0
LH:0
BRF:0
BRH:0
end_of_record
TN:
SF:nx-serverless-cdk/plugin/src/executors/start-lambda/executor.ts
FN:8,(anonymous_0)
FNF:1
FNH:1
FNDA:10,(anonymous_0)
DA:2,1
DA:3,1
DA:4,1
DA:5,1
DA:8,1
DA:12,10
DA:14,10
DA:15,10
DA:16,10
DA:18,10
DA:19,10
DA:20,8
DA:22,10
DA:24,10
DA:28,6
DA:33,1
LF:16
LH:16
BRDA:18,0,0,10
BRDA:18,0,1,6
BRDA:19,1,0,8
BRF:3
BRH:3
end_of_record
TN:
SF:nx-serverless-cdk/plugin/src/executors/start-lambda/schema.d.ts
FNF:0
FNH:0
LF:0
LH:0
BRF:0
BRH:0
end_of_record
TN:
SF:nx-serverless-cdk/plugin/src/generators/cdk-app/app-type.ts
FN:1,(anonymous_0)
FNF:1
FNH:1
FNDA:3,(anonymous_0)
DA:1,3
DA:2,3
DA:3,3
LF:3
LH:3
BRDA:1,0,0,3
BRDA:1,0,1,3
BRF:2
BRH:2
end_of_record
TN:
SF:nx-serverless-cdk/plugin/src/generators/cdk-app/create-project-configuration.ts
FN:7,(anonymous_0)
FNF:1
FNH:1
FNDA:32,(anonymous_0)
DA:1,2
DA:2,2
DA:4,2
DA:7,2
DA:11,32
DA:13,32
DA:146,32
DA:147,16
DA:168,32
LF:9
LH:9
BRDA:146,0,0,16
BRF:1
BRH:1
end_of_record
TN:
SF:nx-serverless-cdk/plugin/src/generators/cdk-app/generator.ts
FN:28,(anonymous_0)
FN:47,(anonymous_1)
FN:61,(anonymous_2)
FN:102,(anonymous_3)
FN:139,(anonymous_4)
FN:155,(anonymous_5)
FN:180,(anonymous_6)
FNF:7
FNH:7
FNDA:11,(anonymous_0)
FNDA:22,(anonymous_1)
FNDA:22,(anonymous_2)
FNDA:22,(anonymous_3)
FNDA:22,(anonymous_4)
FNDA:22,(anonymous_5)
FNDA:22,(anonymous_6)
DA:1,1
DA:13,1
DA:14,1
DA:15,1
DA:16,1
DA:17,1
DA:18,1
DA:21,1
DA:22,1
DA:23,1
DA:24,1
DA:25,1
DA:28,1
DA:32,11
DA:47,1
DA:52,22
DA:54,22
DA:61,1
DA:65,22
DA:67,22
DA:80,1
DA:102,1
DA:106,22
DA:108,22
DA:114,22
DA:126,22
DA:130,22
DA:131,22
DA:132,22
DA:133,22
DA:134,22
DA:136,22
DA:139,1
DA:144,22
DA:146,22
DA:155,1
DA:160,22
DA:162,22
DA:167,22
DA:168,11
DA:173,11
DA:180,1
DA:184,22
DA:185,22
DA:191,22
DA:193,22
DA:199,22
DA:200,11
DA:203,22
DA:205,22
DA:206,22
DA:207,22
DA:209,22
DA:211,22
DA:212,4
DA:215,22
DA:218,1
LF:57
LH:57
BRDA:167,0,0,11
BRDA:167,0,1,11
BRDA:199,1,0,11
BRDA:211,2,0,4
BRF:4
BRH:4
end_of_record
TN:
SF:nx-serverless-cdk/plugin/src/generators/cdk-app/schema.d.ts
FNF:0
FNH:0
LF:0
LH:0
BRF:0
BRH:0
end_of_record
TN:
SF:nx-serverless-cdk/plugin/src/generators/cdk-lib/generator.ts
FN:25,(anonymous_0)
FN:64,(anonymous_1)
FN:115,(anonymous_2)
FN:120,(anonymous_3)
FN:136,(anonymous_4)
FN:164,(anonymous_5)
FN:181,(anonymous_6)
FN:198,(anonymous_7)
FNF:8
FNH:8
FNDA:19,(anonymous_0)
FNDA:19,(anonymous_1)
FNDA:79,(anonymous_2)
FNDA:19,(anonymous_3)
FNDA:19,(anonymous_4)
FNDA:19,(anonymous_5)
FNDA:19,(anonymous_6)
FNDA:19,(anonymous_7)
DA:1,1
DA:14,1
DA:15,1
DA:16,1
DA:17,1
DA:18,1
DA:21,1
DA:22,1
DA:25,1
DA:30,19
DA:32,19
DA:57,19
DA:58,3
DA:61,19
DA:64,1
DA:68,19
DA:69,19
DA:71,19
DA:73,19
DA:74,19
DA:86,19
DA:113,19
DA:115,79
DA:117,19
DA:120,1
DA:124,19
DA:126,19
DA:128,19
DA:129,19
DA:130,19
DA:133,19
DA:136,1
DA:140,19
DA:142,19
DA:145,1
DA:164,1
DA:168,19
DA:170,19
DA:174,19
DA:175,19
DA:176,19
DA:177,19
DA:178,19
DA:181,1
DA:186,19
DA:188,19
DA:198,1
DA:202,19
DA:203,19
DA:210,19
DA:212,19
DA:218,19
DA:220,19
DA:221,19
DA:222,19
DA:223,19
DA:225,19
DA:227,19
DA:228,2
DA:231,19
DA:234,1
LF:61
LH:61
BRDA:57,0,0,3
BRDA:227,1,0,2
BRF:2
BRH:2
end_of_record
TN:
SF:nx-serverless-cdk/plugin/src/generators/cdk-lib/schema.d.ts
FNF:0
FNH:0
LF:0
LH:0
BRF:0
BRH:0
end_of_record
TN:
SF:nx-serverless-cdk/plugin/src/generators/e2e-project/generator.ts
FN:30,(anonymous_0)
FN:46,(anonymous_1)
FN:60,(anonymous_2)
FN:74,(anonymous_3)
FN:113,(anonymous_4)
FN:151,(anonymous_5)
FN:192,(anonymous_6)
FN:220,(anonymous_7)
FNF:8
FNH:8
FNDA:46,(anonymous_0)
FNDA:23,(anonymous_1)
FNDA:23,(anonymous_2)
FNDA:46,(anonymous_3)
FNDA:46,(anonymous_4)
FNDA:46,(anonymous_5)
FNDA:46,(anonymous_6)
FNDA:46,(anonymous_7)
DA:1,2
DA:16,2
DA:17,2
DA:18,2
DA:19,2
DA:20,2
DA:21,2
DA:24,2
DA:25,2
DA:26,2
DA:28,2
DA:30,2
DA:34,46
DA:46,2
DA:50,23
DA:60,2
DA:64,23
DA:74,2
DA:79,46
DA:81,46
DA:99,46
DA:101,23
DA:110,46
DA:113,2
DA:117,46
DA:119,46
DA:132,2
DA:151,2
DA:155,46
DA:157,46
DA:163,46
DA:175,46
DA:179,46
DA:180,46
DA:181,46
DA:182,46
DA:183,46
DA:185,46
DA:186,46
DA:187,46
DA:189,46
DA:192,2
DA:197,46
DA:199,46
DA:205,46
DA:206,23
DA:212,23
DA:220,2
DA:224,46
DA:225,46
DA:231,46
DA:233,46
DA:239,46
DA:240,46
DA:241,23
DA:243,23
DA:246,46
DA:248,46
DA:249,46
DA:251,46
DA:253,46
DA:254,4
DA:257,46
DA:260,2
LF:64
LH:64
BRDA:99,0,0,23
BRDA:205,1,0,23
BRDA:205,1,1,23
BRDA:240,2,0,23
BRDA:240,2,1,23
BRDA:253,3,0,4
BRF:6
BRH:6
end_of_record
TN:
SF:nx-serverless-cdk/plugin/src/generators/e2e-project/schema.d.ts
FNF:0
FNH:0
LF:0
LH:0
BRF:0
BRH:0
end_of_record
TN:
SF:nx-serverless-cdk/plugin/src/generators/e2e-project/to-valid-ssm-parameter-name.ts
FN:5,(anonymous_0)
FNF:1
FNH:1
FNDA:72,(anonymous_0)
DA:5,3
DA:6,72
DA:8,72
DA:9,1
DA:14,71
LF:5
LH:5
BRDA:8,0,0,1
BRF:1
BRH:1
end_of_record
TN:
SF:nx-serverless-cdk/plugin/src/generators/init/generator.ts
FN:13,(anonymous_0)
FN:35,(anonymous_1)
FNF:2
FNH:2
FNDA:91,(anonymous_0)
FNDA:91,(anonymous_1)
DA:1,4
DA:8,4
DA:9,4
DA:10,4
DA:13,4
DA:14,91
DA:35,4
DA:39,91
DA:41,91
DA:43,91
DA:52,91
DA:62,91
DA:64,91
DA:65,1
DA:68,91
DA:71,4
LF:16
LH:16
BRDA:64,0,0,1
BRF:1
BRH:1
end_of_record
TN:
SF:nx-serverless-cdk/plugin/src/generators/init/schema.d.ts
FNF:0
FNH:0
LF:0
LH:0
BRF:0
BRH:0
end_of_record
TN:
SF:nx-serverless-cdk/plugin/src/utils/execute-command.ts
FN:4,(anonymous_0)
FN:11,(anonymous_1)
FN:14,(anonymous_2)
FN:24,(anonymous_3)
FN:38,(anonymous_4)
FNF:5
FNH:5
FNDA:6,(anonymous_0)
FNDA:6,(anonymous_1)
FNDA:12,(anonymous_2)
FNDA:4,(anonymous_3)
FNDA:2,(anonymous_4)
DA:1,6
DA:2,6
DA:4,6
DA:11,6
DA:12,6
DA:14,6
DA:15,12
DA:17,6
DA:18,6
DA:24,6
DA:25,4
DA:26,2
DA:32,2
DA:35,2
DA:38,6
DA:39,2
LF:16
LH:16
BRDA:15,0,0,6
BRDA:15,0,1,6
BRDA:25,1,0,2
BRF:3
BRH:3
end_of_record
TN:
SF:nx-serverless-cdk/plugin/src/utils/get-project-root.ts
FN:3,(anonymous_0)
FNF:1
FNH:1
FNDA:50,(anonymous_0)
DA:3,6
DA:4,50
DA:6,50
DA:7,1
DA:10,49
DA:11,1
DA:15,48
DA:17,48
DA:18,1
DA:21,47
DA:23,47
LF:11
LH:11
BRDA:6,0,0,1
BRDA:10,1,0,1
BRDA:17,2,0,1
BRF:3
BRH:3
end_of_record
TN:
SF:nx-serverless-cdk/plugin/src/utils/get-samconfig-path.ts
FN:3,(anonymous_0)
FNF:1
FNH:1
FNDA:62,(anonymous_0)
DA:1,4
DA:3,4
DA:9,62
DA:10,150
DA:12,150
DA:13,10
DA:18,4
DA:20,140
DA:21,34
DA:23,34
DA:24,28
DA:26,106
DA:27,10
DA:32,4
DA:37,62
DA:38,26
DA:41,36
DA:43,36
LF:18
LH:18
BRDA:12,0,0,10
BRDA:12,0,1,140
BRDA:13,1,0,4
BRDA:14,2,0,10
BRDA:14,2,1,8
BRDA:14,2,2,6
BRDA:20,3,0,34
BRDA:20,3,1,106
BRDA:23,4,0,28
BRDA:26,5,0,10
BRDA:27,6,0,4
BRDA:28,7,0,10
BRDA:28,7,1,8
BRDA:28,7,2,6
BRDA:37,8,0,26
BRF:15
BRH:15
end_of_record
TN:
SF:nx-serverless-cdk/plugin/src/utils/is-windows.ts
FN:1,(anonymous_0)
FNF:1
FNH:1
FNDA:1,(anonymous_0)
DA:1,12
LF:1
LH:1
BRF:0
BRH:0
end_of_record
TN:
SF:nx-serverless-cdk/plugin/src/utils/normalize-project-options.ts
FN:65,(anonymous_0)
FN:73,(anonymous_1)
FN:94,(anonymous_2)
FN:118,(anonymous_3)
FN:160,(anonymous_4)
FN:173,(anonymous_5)
FN:208,(anonymous_6)
FN:212,(anonymous_7)
FN:226,(anonymous_8)
FNF:9
FNH:9
FNDA:108,(anonymous_0)
FNDA:108,(anonymous_1)
FNDA:106,(anonymous_2)
FNDA:106,(anonymous_3)
FNDA:106,(anonymous_4)
FNDA:26,(anonymous_5)
FNDA:199,(anonymous_6)
FNDA:20,(anonymous_7)
FNDA:106,(anonymous_8)
DA:1,4
DA:8,4
DA:9,4
DA:65,4
DA:69,108
DA:70,106
DA:73,4
DA:85,108
DA:86,108
DA:87,108
DA:88,2
DA:94,4
DA:98,106
DA:99,106
DA:100,106
DA:104,106
DA:110,106
DA:111,26
DA:115,106
DA:118,4
DA:124,106
DA:127,106
DA:131,106
DA:133,93
DA:138,2
DA:141,91
DA:148,13
DA:150,1
DA:153,12
DA:157,106
DA:160,4
DA:161,106
DA:164,106
DA:165,3
DA:167,3
DA:170,106
DA:173,4
DA:181,26
DA:183,2
DA:186,24
DA:188,4
DA:190,20
DA:191,20
DA:199,20
DA:205,26
DA:208,4
DA:209,199
DA:212,4
DA:213,20
DA:214,19
DA:217,1
DA:226,4
DA:227,106
DA:232,4
LF:54
LH:54
BRDA:87,0,0,2
BRDA:110,1,0,26
BRDA:124,2,0,93
BRDA:124,2,1,13
BRDA:131,3,0,93
BRDA:131,3,1,13
BRDA:133,4,0,2
BRDA:133,4,1,91
BRDA:134,5,0,93
BRDA:134,5,1,92
BRDA:148,6,0,1
BRDA:148,6,1,12
BRDA:164,7,0,3
BRDA:181,8,0,2
BRDA:181,8,1,24
BRDA:183,9,0,2
BRDA:183,9,1,1
BRDA:186,10,0,4
BRDA:186,10,1,20
BRDA:191,11,0,17
BRDA:191,11,1,3
BRDA:199,12,0,17
BRDA:199,12,1,3
BRDA:213,13,0,19
BRDA:227,14,0,17
BRDA:227,14,1,89
BRF:26
BRH:26
end_of_record
TN:
SF:nx-serverless-cdk/plugin/src/utils/versions.ts
FN:28,(anonymous_0)
FNF:1
FNH:1
FNDA:179,(anonymous_0)
DA:28,5
DA:30,179
DA:31,179
DA:32,179
DA:34,179
DA:35,179
DA:36,179
DA:38,179
DA:40,179
DA:41,179
DA:43,179
DA:45,179
DA:47,179
DA:48,179
DA:50,179
DA:52,179
DA:54,179
LF:17
LH:17
BRF:0
BRH:0
end_of_record
